     1                                  extern _printf
     2                                  
     3                                  section .data
     4 00000000 4675636B2E0A00          hello:	db "Fuck.",10,0
     5                                  
     6                                  section .text
     7                                  
     8                                  	;; Fuck gcc wants main rather than start.
     9                                  
    10                                  global _main
    11                                  _main:
    12 00000000 48B8-                   	mov rax, hello
    13 00000002 [0000000000000000] 
    14 0000000A 48BF-                   	mov rdi, hello
    15 0000000C [0000000000000000] 
    16 00000014 E8(00000000)            	call _printf
    17                                  
    18                                  
    19 00000019 48B801000002000000-     	mov rax, 0x2000001
    20 00000022 00                 
    21 00000023 48BF00000000000000-     	mov rdi, 0
    22 0000002C 00                 
    23 0000002D 0F05                    	syscall
    24                                  
    25                                  	
